E[21:18:54.344] Background-index: Couldn't read /home/ascend/AscendProjects/sample-handposeRC/src/i2c.cpp to validate stored index: No such file or directory
E[21:18:54.368] Background-index: Couldn't read /home/ascend/AscendProjects/sample-handposeRC/src/dvpp_jpege.cpp to validate stored index: No such file or directory
E[21:18:54.370] Background-index: Couldn't read /home/ascend/AscendProjects/sample-handposeRC/inc/dvpp_jpegd.h to validate stored index: No such file or directory
E[21:18:54.379] Background-index: Couldn't read /home/ascend/AscendProjects/sample-handposeRC/inc/dvpp_jpege.h to validate stored index: No such file or directory
E[21:18:54.399] Background-index: Couldn't read /home/ascend/AscendProjects/sample-handposeRC/inc/hand_pose.h to validate stored index: No such file or directory
E[21:18:54.402] Background-index: Couldn't read /home/ascend/AscendProjects/sample-handposeRC/src/utils.cpp to validate stored index: No such file or directory
E[21:18:54.411] Background-index: Couldn't read /home/ascend/AscendProjects/sample-handposeRC/inc/camera.h to validate stored index: No such file or directory
E[21:18:54.412] Background-index: Couldn't read /home/ascend/AscendProjects/sample-handposeRC/inc/handpose_decode.h to validate stored index: No such file or directory
E[21:18:54.412] Background-index: Couldn't read /home/ascend/AscendProjects/sample-handposeRC/inc/dvpp_process.h to validate stored index: No such file or directory
E[21:18:54.412] Background-index: Couldn't read /home/ascend/AscendProjects/sample-handposeRC/src/dvpp_resize.cpp to validate stored index: No such file or directory
E[21:18:54.413] Background-index: Couldn't read /home/ascend/AscendProjects/sample-handposeRC/inc/i2c.h to validate stored index: No such file or directory
E[21:18:54.413] Background-index: Couldn't read /home/ascend/AscendProjects/sample-handposeRC/src/dvpp_process.cpp to validate stored index: No such file or directory
E[21:18:54.415] Background-index: Couldn't read /home/ascend/AscendProjects/sample-handposeRC/src/hand_pose.cpp to validate stored index: No such file or directory
E[21:18:54.415] Background-index: Couldn't read /home/ascend/AscendProjects/sample-handposeRC/src/uart.cpp to validate stored index: No such file or directory
E[21:18:54.415] Background-index: Couldn't read /home/ascend/AscendProjects/sample-handposeRC/src/model_process.cpp to validate stored index: No such file or directory
E[21:18:54.415] Background-index: Couldn't read /home/ascend/AscendProjects/sample-handposeRC/src/handpose_decode.cpp to validate stored index: No such file or directory
E[21:18:54.416] Background-index: Couldn't read /home/ascend/AscendProjects/sample-handposeRC/src/main.cpp to validate stored index: No such file or directory
E[21:18:54.417] Background-index: Couldn't read /home/ascend/AscendProjects/sample-handposeRC/inc/dvpp_resize.h to validate stored index: No such file or directory
E[21:18:54.417] Background-index: Couldn't read /home/ascend/AscendProjects/sample-handposeRC/inc/model_process.h to validate stored index: No such file or directory
E[21:18:54.436] Background-index: Couldn't read /home/ascend/AscendProjects/sample-handposeRC/inc/uart.h to validate stored index: No such file or directory
E[21:18:54.437] Background-index: Couldn't read /home/ascend/AscendProjects/sample-handposeRC/inc/utils.h to validate stored index: No such file or directory
E[21:18:54.445] Background-index: Couldn't read /home/ascend/AscendProjects/sample-handposeRC/src/camera.cpp to validate stored index: No such file or directory
